have_library: checking for -lpq... -------------------- yes

"gcc -o conftest -I/Users/student/.rvm/rubies/ruby-2.6.0/include/ruby-2.6.0/x86_64-darwin18 -I/Users/student/.rvm/rubies/ruby-2.6.0/include/ruby-2.6.0/ruby/backward -I/Users/student/.rvm/rubies/ruby-2.6.0/include/ruby-2.6.0 -I. -I/usr/local/Cellar/postgresql/11.3/include -I/usr/local/Cellar/postgresql/11.3/include/server  -I/usr/local/opt/libyaml/include -I/usr/local/opt/readline/include -I/usr/local/opt/libksba/include -I/usr/local/opt/openssl@1.1/include -D_XOPEN_SOURCE -D_DARWIN_C_SOURCE -D_DARWIN_UNLIMITED_SELECT -D_REENTRANT   -O3 -ggdb3 -Wall -Wextra -Wdeclaration-after-statement -Wdeprecated-declarations -Wdivision-by-zero -Wimplicit-function-declaration -Wimplicit-int -Wpointer-arith -Wshorten-64-to-32 -Wwrite-strings -Wmissing-noreturn -Wno-constant-logical-operand -Wno-long-long -Wno-missing-field-initializers -Wno-overlength-strings -Wno-parentheses-equality -Wno-self-assign -Wno-tautological-compare -Wno-unused-parameter -Wno-unused-value -Wunused-variable -Wextra-tokens  -fno-common -pipe -DHAVE_NO_DATETIME_NEWBANG conftest.c  -L. -L/Users/student/.rvm/rubies/ruby-2.6.0/lib -L/usr/local/lib -L/usr/local/opt/libyaml/lib -L/usr/local/opt/readline/lib -L/usr/local/opt/libksba/lib -L/usr/local/opt/openssl@1.1/lib -L. -fstack-protector-strong -L/usr/local/lib -L/usr/local/opt/libyaml/lib -L/usr/local/opt/readline/lib -L/usr/local/opt/libksba/lib -L/usr/local/opt/openssl@1.1/lib     -lruby.2.6   "
checked program was:
/* begin */
1: #include "ruby.h"
2: 
3: int main(int argc, char **argv)
4: {
5:   return 0;
6: }
/* end */

"gcc -o conftest -I/Users/student/.rvm/rubies/ruby-2.6.0/include/ruby-2.6.0/x86_64-darwin18 -I/Users/student/.rvm/rubies/ruby-2.6.0/include/ruby-2.6.0/ruby/backward -I/Users/student/.rvm/rubies/ruby-2.6.0/include/ruby-2.6.0 -I. -I/usr/local/Cellar/postgresql/11.3/include -I/usr/local/Cellar/postgresql/11.3/include/server  -I/usr/local/opt/libyaml/include -I/usr/local/opt/readline/include -I/usr/local/opt/libksba/include -I/usr/local/opt/openssl@1.1/include -D_XOPEN_SOURCE -D_DARWIN_C_SOURCE -D_DARWIN_UNLIMITED_SELECT -D_REENTRANT   -O3 -ggdb3 -Wall -Wextra -Wdeclaration-after-statement -Wdeprecated-declarations -Wdivision-by-zero -Wimplicit-function-declaration -Wimplicit-int -Wpointer-arith -Wshorten-64-to-32 -Wwrite-strings -Wmissing-noreturn -Wno-constant-logical-operand -Wno-long-long -Wno-missing-field-initializers -Wno-overlength-strings -Wno-parentheses-equality -Wno-self-assign -Wno-tautological-compare -Wno-unused-parameter -Wno-unused-value -Wunused-variable -Wextra-tokens  -fno-common -pipe -DHAVE_NO_DATETIME_NEWBANG conftest.c  -L. -L/Users/student/.rvm/rubies/ruby-2.6.0/lib -L/usr/local/lib -L/usr/local/opt/libyaml/lib -L/usr/local/opt/readline/lib -L/usr/local/opt/libksba/lib -L/usr/local/opt/openssl@1.1/lib -L. -fstack-protector-strong -L/usr/local/lib -L/usr/local/opt/libyaml/lib -L/usr/local/opt/readline/lib -L/usr/local/opt/libksba/lib -L/usr/local/opt/openssl@1.1/lib     -lruby.2.6 -lpq   "
checked program was:
/* begin */
 1: #include "ruby.h"
 2: 
 3: /*top*/
 4: extern int t(void);
 5: int main(int argc, char **argv)
 6: {
 7:   if (argc > 1000000) {
 8:     int (* volatile tp)(void)=(int (*)(void))&t;
 9:     printf("%d", (*tp)());
10:   }
11: 
12:   return 0;
13: }
14: 
15: int t(void) { ; return 0; }
/* end */

--------------------

have_header: checking for libpq-fe.h... -------------------- yes

"gcc -E -I/Users/student/.rvm/rubies/ruby-2.6.0/include/ruby-2.6.0/x86_64-darwin18 -I/Users/student/.rvm/rubies/ruby-2.6.0/include/ruby-2.6.0/ruby/backward -I/Users/student/.rvm/rubies/ruby-2.6.0/include/ruby-2.6.0 -I. -I/usr/local/Cellar/postgresql/11.3/include -I/usr/local/Cellar/postgresql/11.3/include/server  -I/usr/local/opt/libyaml/include -I/usr/local/opt/readline/include -I/usr/local/opt/libksba/include -I/usr/local/opt/openssl@1.1/include -D_XOPEN_SOURCE -D_DARWIN_C_SOURCE -D_DARWIN_UNLIMITED_SELECT -D_REENTRANT   -O3 -ggdb3 -Wall -Wextra -Wdeclaration-after-statement -Wdeprecated-declarations -Wdivision-by-zero -Wimplicit-function-declaration -Wimplicit-int -Wpointer-arith -Wshorten-64-to-32 -Wwrite-strings -Wmissing-noreturn -Wno-constant-logical-operand -Wno-long-long -Wno-missing-field-initializers -Wno-overlength-strings -Wno-parentheses-equality -Wno-self-assign -Wno-tautological-compare -Wno-unused-parameter -Wno-unused-value -Wunused-variable -Wextra-tokens  -fno-common -pipe -DHAVE_NO_DATETIME_NEWBANG  conftest.c -o conftest.i"
checked program was:
/* begin */
1: #include "ruby.h"
2: 
3: #include <libpq-fe.h>
/* end */

--------------------

have_header: checking for libpq/libpq-fs.h... -------------------- yes

"gcc -E -I/Users/student/.rvm/rubies/ruby-2.6.0/include/ruby-2.6.0/x86_64-darwin18 -I/Users/student/.rvm/rubies/ruby-2.6.0/include/ruby-2.6.0/ruby/backward -I/Users/student/.rvm/rubies/ruby-2.6.0/include/ruby-2.6.0 -I. -I/usr/local/Cellar/postgresql/11.3/include -I/usr/local/Cellar/postgresql/11.3/include/server  -I/usr/local/opt/libyaml/include -I/usr/local/opt/readline/include -I/usr/local/opt/libksba/include -I/usr/local/opt/openssl@1.1/include -D_XOPEN_SOURCE -D_DARWIN_C_SOURCE -D_DARWIN_UNLIMITED_SELECT -D_REENTRANT   -O3 -ggdb3 -Wall -Wextra -Wdeclaration-after-statement -Wdeprecated-declarations -Wdivision-by-zero -Wimplicit-function-declaration -Wimplicit-int -Wpointer-arith -Wshorten-64-to-32 -Wwrite-strings -Wmissing-noreturn -Wno-constant-logical-operand -Wno-long-long -Wno-missing-field-initializers -Wno-overlength-strings -Wno-parentheses-equality -Wno-self-assign -Wno-tautological-compare -Wno-unused-parameter -Wno-unused-value -Wunused-variable -Wextra-tokens  -fno-common -pipe -DHAVE_NO_DATETIME_NEWBANG  conftest.c -o conftest.i"
checked program was:
/* begin */
1: #include "ruby.h"
2: 
3: #include <libpq/libpq-fs.h>
/* end */

--------------------

have_header: checking for postgres.h... -------------------- yes

"gcc -E -I/Users/student/.rvm/rubies/ruby-2.6.0/include/ruby-2.6.0/x86_64-darwin18 -I/Users/student/.rvm/rubies/ruby-2.6.0/include/ruby-2.6.0/ruby/backward -I/Users/student/.rvm/rubies/ruby-2.6.0/include/ruby-2.6.0 -I. -I/usr/local/Cellar/postgresql/11.3/include -I/usr/local/Cellar/postgresql/11.3/include/server  -I/usr/local/opt/libyaml/include -I/usr/local/opt/readline/include -I/usr/local/opt/libksba/include -I/usr/local/opt/openssl@1.1/include -D_XOPEN_SOURCE -D_DARWIN_C_SOURCE -D_DARWIN_UNLIMITED_SELECT -D_REENTRANT   -O3 -ggdb3 -Wall -Wextra -Wdeclaration-after-statement -Wdeprecated-declarations -Wdivision-by-zero -Wimplicit-function-declaration -Wimplicit-int -Wpointer-arith -Wshorten-64-to-32 -Wwrite-strings -Wmissing-noreturn -Wno-constant-logical-operand -Wno-long-long -Wno-missing-field-initializers -Wno-overlength-strings -Wno-parentheses-equality -Wno-self-assign -Wno-tautological-compare -Wno-unused-parameter -Wno-unused-value -Wunused-variable -Wextra-tokens  -fno-common -pipe -DHAVE_NO_DATETIME_NEWBANG  conftest.c -o conftest.i"
In file included from conftest.c:3:
In file included from /usr/local/Cellar/postgresql/11.3/include/server/postgres.h:46:
/usr/local/Cellar/postgresql/11.3/include/server/c.h:1060:9: warning: '_' macro redefined [-Wmacro-redefined]
#define _(x) gettext(x)
        ^
/Users/student/.rvm/rubies/ruby-2.6.0/include/ruby-2.6.0/ruby/defines.h:183:10: note: previous definition is here
# define _(args) args
         ^
1 warning generated.
checked program was:
/* begin */
1: #include "ruby.h"
2: 
3: #include <postgres.h>
/* end */

--------------------

have_header: checking for mb/pg_wchar.h... -------------------- yes

"gcc -E -I/Users/student/.rvm/rubies/ruby-2.6.0/include/ruby-2.6.0/x86_64-darwin18 -I/Users/student/.rvm/rubies/ruby-2.6.0/include/ruby-2.6.0/ruby/backward -I/Users/student/.rvm/rubies/ruby-2.6.0/include/ruby-2.6.0 -I. -I/usr/local/Cellar/postgresql/11.3/include -I/usr/local/Cellar/postgresql/11.3/include/server  -I/usr/local/opt/libyaml/include -I/usr/local/opt/readline/include -I/usr/local/opt/libksba/include -I/usr/local/opt/openssl@1.1/include -D_XOPEN_SOURCE -D_DARWIN_C_SOURCE -D_DARWIN_UNLIMITED_SELECT -D_REENTRANT   -O3 -ggdb3 -Wall -Wextra -Wdeclaration-after-statement -Wdeprecated-declarations -Wdivision-by-zero -Wimplicit-function-declaration -Wimplicit-int -Wpointer-arith -Wshorten-64-to-32 -Wwrite-strings -Wmissing-noreturn -Wno-constant-logical-operand -Wno-long-long -Wno-missing-field-initializers -Wno-overlength-strings -Wno-parentheses-equality -Wno-self-assign -Wno-tautological-compare -Wno-unused-parameter -Wno-unused-value -Wunused-variable -Wextra-tokens  -fno-common -pipe -DHAVE_NO_DATETIME_NEWBANG  conftest.c -o conftest.i"
In file included from conftest.c:3:
In file included from /usr/local/Cellar/postgresql/11.3/include/server/postgres.h:46:
/usr/local/Cellar/postgresql/11.3/include/server/c.h:1060:9: warning: '_' macro redefined [-Wmacro-redefined]
#define _(x) gettext(x)
        ^
/Users/student/.rvm/rubies/ruby-2.6.0/include/ruby-2.6.0/ruby/defines.h:183:10: note: previous definition is here
# define _(args) args
         ^
1 warning generated.
checked program was:
/* begin */
1: #include "ruby.h"
2: 
3: #include <postgres.h>
4: #include <mb/pg_wchar.h>
/* end */

--------------------

have_header: checking for catalog/pg_type.h... -------------------- yes

"gcc -E -I/Users/student/.rvm/rubies/ruby-2.6.0/include/ruby-2.6.0/x86_64-darwin18 -I/Users/student/.rvm/rubies/ruby-2.6.0/include/ruby-2.6.0/ruby/backward -I/Users/student/.rvm/rubies/ruby-2.6.0/include/ruby-2.6.0 -I. -I/usr/local/Cellar/postgresql/11.3/include -I/usr/local/Cellar/postgresql/11.3/include/server  -I/usr/local/opt/libyaml/include -I/usr/local/opt/readline/include -I/usr/local/opt/libksba/include -I/usr/local/opt/openssl@1.1/include -D_XOPEN_SOURCE -D_DARWIN_C_SOURCE -D_DARWIN_UNLIMITED_SELECT -D_REENTRANT   -O3 -ggdb3 -Wall -Wextra -Wdeclaration-after-statement -Wdeprecated-declarations -Wdivision-by-zero -Wimplicit-function-declaration -Wimplicit-int -Wpointer-arith -Wshorten-64-to-32 -Wwrite-strings -Wmissing-noreturn -Wno-constant-logical-operand -Wno-long-long -Wno-missing-field-initializers -Wno-overlength-strings -Wno-parentheses-equality -Wno-self-assign -Wno-tautological-compare -Wno-unused-parameter -Wno-unused-value -Wunused-variable -Wextra-tokens  -fno-common -pipe -DHAVE_NO_DATETIME_NEWBANG  conftest.c -o conftest.i"
In file included from conftest.c:3:
In file included from /usr/local/Cellar/postgresql/11.3/include/server/postgres.h:46:
/usr/local/Cellar/postgresql/11.3/include/server/c.h:1060:9: warning: '_' macro redefined [-Wmacro-redefined]
#define _(x) gettext(x)
        ^
/Users/student/.rvm/rubies/ruby-2.6.0/include/ruby-2.6.0/ruby/defines.h:183:10: note: previous definition is here
# define _(args) args
         ^
1 warning generated.
checked program was:
/* begin */
1: #include "ruby.h"
2: 
3: #include <postgres.h>
4: #include <catalog/pg_type.h>
/* end */

--------------------

have_func: checking for localtime_r()... -------------------- yes

"gcc -o conftest -I/Users/student/.rvm/rubies/ruby-2.6.0/include/ruby-2.6.0/x86_64-darwin18 -I/Users/student/.rvm/rubies/ruby-2.6.0/include/ruby-2.6.0/ruby/backward -I/Users/student/.rvm/rubies/ruby-2.6.0/include/ruby-2.6.0 -I. -I/usr/local/Cellar/postgresql/11.3/include -I/usr/local/Cellar/postgresql/11.3/include/server  -I/usr/local/opt/libyaml/include -I/usr/local/opt/readline/include -I/usr/local/opt/libksba/include -I/usr/local/opt/openssl@1.1/include -D_XOPEN_SOURCE -D_DARWIN_C_SOURCE -D_DARWIN_UNLIMITED_SELECT -D_REENTRANT   -O3 -ggdb3 -Wall -Wextra -Wdeclaration-after-statement -Wdeprecated-declarations -Wdivision-by-zero -Wimplicit-function-declaration -Wimplicit-int -Wpointer-arith -Wshorten-64-to-32 -Wwrite-strings -Wmissing-noreturn -Wno-constant-logical-operand -Wno-long-long -Wno-missing-field-initializers -Wno-overlength-strings -Wno-parentheses-equality -Wno-self-assign -Wno-tautological-compare -Wno-unused-parameter -Wno-unused-value -Wunused-variable -Wextra-tokens  -fno-common -pipe -DHAVE_NO_DATETIME_NEWBANG conftest.c  -L. -L/Users/student/.rvm/rubies/ruby-2.6.0/lib -L/usr/local/lib -L/usr/local/opt/libyaml/lib -L/usr/local/opt/readline/lib -L/usr/local/opt/libksba/lib -L/usr/local/opt/openssl@1.1/lib -L. -fstack-protector-strong -L/usr/local/lib -L/usr/local/opt/libyaml/lib -L/usr/local/opt/readline/lib -L/usr/local/opt/libksba/lib -L/usr/local/opt/openssl@1.1/lib    -lpq  -lruby.2.6 -lpq   "
conftest.c:14:57: error: use of undeclared identifier 'localtime_r'
int t(void) { void ((*volatile p)()); p = (void ((*)()))localtime_r; return !p; }
                                                        ^
1 error generated.
checked program was:
/* begin */
 1: #include "ruby.h"
 2: 
 3: /*top*/
 4: extern int t(void);
 5: int main(int argc, char **argv)
 6: {
 7:   if (argc > 1000000) {
 8:     int (* volatile tp)(void)=(int (*)(void))&t;
 9:     printf("%d", (*tp)());
10:   }
11: 
12:   return 0;
13: }
14: int t(void) { void ((*volatile p)()); p = (void ((*)()))localtime_r; return !p; }
/* end */

"gcc -o conftest -I/Users/student/.rvm/rubies/ruby-2.6.0/include/ruby-2.6.0/x86_64-darwin18 -I/Users/student/.rvm/rubies/ruby-2.6.0/include/ruby-2.6.0/ruby/backward -I/Users/student/.rvm/rubies/ruby-2.6.0/include/ruby-2.6.0 -I. -I/usr/local/Cellar/postgresql/11.3/include -I/usr/local/Cellar/postgresql/11.3/include/server  -I/usr/local/opt/libyaml/include -I/usr/local/opt/readline/include -I/usr/local/opt/libksba/include -I/usr/local/opt/openssl@1.1/include -D_XOPEN_SOURCE -D_DARWIN_C_SOURCE -D_DARWIN_UNLIMITED_SELECT -D_REENTRANT   -O3 -ggdb3 -Wall -Wextra -Wdeclaration-after-statement -Wdeprecated-declarations -Wdivision-by-zero -Wimplicit-function-declaration -Wimplicit-int -Wpointer-arith -Wshorten-64-to-32 -Wwrite-strings -Wmissing-noreturn -Wno-constant-logical-operand -Wno-long-long -Wno-missing-field-initializers -Wno-overlength-strings -Wno-parentheses-equality -Wno-self-assign -Wno-tautological-compare -Wno-unused-parameter -Wno-unused-value -Wunused-variable -Wextra-tokens  -fno-common -pipe -DHAVE_NO_DATETIME_NEWBANG conftest.c  -L. -L/Users/student/.rvm/rubies/ruby-2.6.0/lib -L/usr/local/lib -L/usr/local/opt/libyaml/lib -L/usr/local/opt/readline/lib -L/usr/local/opt/libksba/lib -L/usr/local/opt/openssl@1.1/lib -L. -fstack-protector-strong -L/usr/local/lib -L/usr/local/opt/libyaml/lib -L/usr/local/opt/readline/lib -L/usr/local/opt/libksba/lib -L/usr/local/opt/openssl@1.1/lib    -lpq  -lruby.2.6 -lpq   "
checked program was:
/* begin */
 1: #include "ruby.h"
 2: 
 3: /*top*/
 4: extern int t(void);
 5: int main(int argc, char **argv)
 6: {
 7:   if (argc > 1000000) {
 8:     int (* volatile tp)(void)=(int (*)(void))&t;
 9:     printf("%d", (*tp)());
10:   }
11: 
12:   return 0;
13: }
14: extern void localtime_r();
15: int t(void) { localtime_r(); return 0; }
/* end */

--------------------

have_func: checking for gmtime_r()... -------------------- yes

"gcc -o conftest -I/Users/student/.rvm/rubies/ruby-2.6.0/include/ruby-2.6.0/x86_64-darwin18 -I/Users/student/.rvm/rubies/ruby-2.6.0/include/ruby-2.6.0/ruby/backward -I/Users/student/.rvm/rubies/ruby-2.6.0/include/ruby-2.6.0 -I. -I/usr/local/Cellar/postgresql/11.3/include -I/usr/local/Cellar/postgresql/11.3/include/server  -I/usr/local/opt/libyaml/include -I/usr/local/opt/readline/include -I/usr/local/opt/libksba/include -I/usr/local/opt/openssl@1.1/include -D_XOPEN_SOURCE -D_DARWIN_C_SOURCE -D_DARWIN_UNLIMITED_SELECT -D_REENTRANT   -O3 -ggdb3 -Wall -Wextra -Wdeclaration-after-statement -Wdeprecated-declarations -Wdivision-by-zero -Wimplicit-function-declaration -Wimplicit-int -Wpointer-arith -Wshorten-64-to-32 -Wwrite-strings -Wmissing-noreturn -Wno-constant-logical-operand -Wno-long-long -Wno-missing-field-initializers -Wno-overlength-strings -Wno-parentheses-equality -Wno-self-assign -Wno-tautological-compare -Wno-unused-parameter -Wno-unused-value -Wunused-variable -Wextra-tokens  -fno-common -pipe -DHAVE_NO_DATETIME_NEWBANG conftest.c  -L. -L/Users/student/.rvm/rubies/ruby-2.6.0/lib -L/usr/local/lib -L/usr/local/opt/libyaml/lib -L/usr/local/opt/readline/lib -L/usr/local/opt/libksba/lib -L/usr/local/opt/openssl@1.1/lib -L. -fstack-protector-strong -L/usr/local/lib -L/usr/local/opt/libyaml/lib -L/usr/local/opt/readline/lib -L/usr/local/opt/libksba/lib -L/usr/local/opt/openssl@1.1/lib    -lpq  -lruby.2.6 -lpq   "
conftest.c:14:57: error: use of undeclared identifier 'gmtime_r'
int t(void) { void ((*volatile p)()); p = (void ((*)()))gmtime_r; return !p; }
                                                        ^
1 error generated.
checked program was:
/* begin */
 1: #include "ruby.h"
 2: 
 3: /*top*/
 4: extern int t(void);
 5: int main(int argc, char **argv)
 6: {
 7:   if (argc > 1000000) {
 8:     int (* volatile tp)(void)=(int (*)(void))&t;
 9:     printf("%d", (*tp)());
10:   }
11: 
12:   return 0;
13: }
14: int t(void) { void ((*volatile p)()); p = (void ((*)()))gmtime_r; return !p; }
/* end */

"gcc -o conftest -I/Users/student/.rvm/rubies/ruby-2.6.0/include/ruby-2.6.0/x86_64-darwin18 -I/Users/student/.rvm/rubies/ruby-2.6.0/include/ruby-2.6.0/ruby/backward -I/Users/student/.rvm/rubies/ruby-2.6.0/include/ruby-2.6.0 -I. -I/usr/local/Cellar/postgresql/11.3/include -I/usr/local/Cellar/postgresql/11.3/include/server  -I/usr/local/opt/libyaml/include -I/usr/local/opt/readline/include -I/usr/local/opt/libksba/include -I/usr/local/opt/openssl@1.1/include -D_XOPEN_SOURCE -D_DARWIN_C_SOURCE -D_DARWIN_UNLIMITED_SELECT -D_REENTRANT   -O3 -ggdb3 -Wall -Wextra -Wdeclaration-after-statement -Wdeprecated-declarations -Wdivision-by-zero -Wimplicit-function-declaration -Wimplicit-int -Wpointer-arith -Wshorten-64-to-32 -Wwrite-strings -Wmissing-noreturn -Wno-constant-logical-operand -Wno-long-long -Wno-missing-field-initializers -Wno-overlength-strings -Wno-parentheses-equality -Wno-self-assign -Wno-tautological-compare -Wno-unused-parameter -Wno-unused-value -Wunused-variable -Wextra-tokens  -fno-common -pipe -DHAVE_NO_DATETIME_NEWBANG conftest.c  -L. -L/Users/student/.rvm/rubies/ruby-2.6.0/lib -L/usr/local/lib -L/usr/local/opt/libyaml/lib -L/usr/local/opt/readline/lib -L/usr/local/opt/libksba/lib -L/usr/local/opt/openssl@1.1/lib -L. -fstack-protector-strong -L/usr/local/lib -L/usr/local/opt/libyaml/lib -L/usr/local/opt/readline/lib -L/usr/local/opt/libksba/lib -L/usr/local/opt/openssl@1.1/lib    -lpq  -lruby.2.6 -lpq   "
checked program was:
/* begin */
 1: #include "ruby.h"
 2: 
 3: /*top*/
 4: extern int t(void);
 5: int main(int argc, char **argv)
 6: {
 7:   if (argc > 1000000) {
 8:     int (* volatile tp)(void)=(int (*)(void))&t;
 9:     printf("%d", (*tp)());
10:   }
11: 
12:   return 0;
13: }
14: extern void gmtime_r();
15: int t(void) { gmtime_r(); return 0; }
/* end */

--------------------

have_func: checking for PQsetClientEncoding()... -------------------- yes

"gcc -o conftest -I/Users/student/.rvm/rubies/ruby-2.6.0/include/ruby-2.6.0/x86_64-darwin18 -I/Users/student/.rvm/rubies/ruby-2.6.0/include/ruby-2.6.0/ruby/backward -I/Users/student/.rvm/rubies/ruby-2.6.0/include/ruby-2.6.0 -I. -I/usr/local/Cellar/postgresql/11.3/include -I/usr/local/Cellar/postgresql/11.3/include/server  -I/usr/local/opt/libyaml/include -I/usr/local/opt/readline/include -I/usr/local/opt/libksba/include -I/usr/local/opt/openssl@1.1/include -D_XOPEN_SOURCE -D_DARWIN_C_SOURCE -D_DARWIN_UNLIMITED_SELECT -D_REENTRANT   -O3 -ggdb3 -Wall -Wextra -Wdeclaration-after-statement -Wdeprecated-declarations -Wdivision-by-zero -Wimplicit-function-declaration -Wimplicit-int -Wpointer-arith -Wshorten-64-to-32 -Wwrite-strings -Wmissing-noreturn -Wno-constant-logical-operand -Wno-long-long -Wno-missing-field-initializers -Wno-overlength-strings -Wno-parentheses-equality -Wno-self-assign -Wno-tautological-compare -Wno-unused-parameter -Wno-unused-value -Wunused-variable -Wextra-tokens  -fno-common -pipe -DHAVE_NO_DATETIME_NEWBANG conftest.c  -L. -L/Users/student/.rvm/rubies/ruby-2.6.0/lib -L/usr/local/lib -L/usr/local/opt/libyaml/lib -L/usr/local/opt/readline/lib -L/usr/local/opt/libksba/lib -L/usr/local/opt/openssl@1.1/lib -L. -fstack-protector-strong -L/usr/local/lib -L/usr/local/opt/libyaml/lib -L/usr/local/opt/readline/lib -L/usr/local/opt/libksba/lib -L/usr/local/opt/openssl@1.1/lib    -lpq  -lruby.2.6 -lpq   "
conftest.c:14:57: error: use of undeclared identifier 'PQsetClientEncoding'
int t(void) { void ((*volatile p)()); p = (void ((*)()))PQsetClientEncoding; return !p; }
                                                        ^
1 error generated.
checked program was:
/* begin */
 1: #include "ruby.h"
 2: 
 3: /*top*/
 4: extern int t(void);
 5: int main(int argc, char **argv)
 6: {
 7:   if (argc > 1000000) {
 8:     int (* volatile tp)(void)=(int (*)(void))&t;
 9:     printf("%d", (*tp)());
10:   }
11: 
12:   return 0;
13: }
14: int t(void) { void ((*volatile p)()); p = (void ((*)()))PQsetClientEncoding; return !p; }
/* end */

"gcc -o conftest -I/Users/student/.rvm/rubies/ruby-2.6.0/include/ruby-2.6.0/x86_64-darwin18 -I/Users/student/.rvm/rubies/ruby-2.6.0/include/ruby-2.6.0/ruby/backward -I/Users/student/.rvm/rubies/ruby-2.6.0/include/ruby-2.6.0 -I. -I/usr/local/Cellar/postgresql/11.3/include -I/usr/local/Cellar/postgresql/11.3/include/server  -I/usr/local/opt/libyaml/include -I/usr/local/opt/readline/include -I/usr/local/opt/libksba/include -I/usr/local/opt/openssl@1.1/include -D_XOPEN_SOURCE -D_DARWIN_C_SOURCE -D_DARWIN_UNLIMITED_SELECT -D_REENTRANT   -O3 -ggdb3 -Wall -Wextra -Wdeclaration-after-statement -Wdeprecated-declarations -Wdivision-by-zero -Wimplicit-function-declaration -Wimplicit-int -Wpointer-arith -Wshorten-64-to-32 -Wwrite-strings -Wmissing-noreturn -Wno-constant-logical-operand -Wno-long-long -Wno-missing-field-initializers -Wno-overlength-strings -Wno-parentheses-equality -Wno-self-assign -Wno-tautological-compare -Wno-unused-parameter -Wno-unused-value -Wunused-variable -Wextra-tokens  -fno-common -pipe -DHAVE_NO_DATETIME_NEWBANG conftest.c  -L. -L/Users/student/.rvm/rubies/ruby-2.6.0/lib -L/usr/local/lib -L/usr/local/opt/libyaml/lib -L/usr/local/opt/readline/lib -L/usr/local/opt/libksba/lib -L/usr/local/opt/openssl@1.1/lib -L. -fstack-protector-strong -L/usr/local/lib -L/usr/local/opt/libyaml/lib -L/usr/local/opt/readline/lib -L/usr/local/opt/libksba/lib -L/usr/local/opt/openssl@1.1/lib    -lpq  -lruby.2.6 -lpq   "
checked program was:
/* begin */
 1: #include "ruby.h"
 2: 
 3: /*top*/
 4: extern int t(void);
 5: int main(int argc, char **argv)
 6: {
 7:   if (argc > 1000000) {
 8:     int (* volatile tp)(void)=(int (*)(void))&t;
 9:     printf("%d", (*tp)());
10:   }
11: 
12:   return 0;
13: }
14: extern void PQsetClientEncoding();
15: int t(void) { PQsetClientEncoding(); return 0; }
/* end */

--------------------

have_func: checking for pg_encoding_to_char()... -------------------- yes

"gcc -o conftest -I/Users/student/.rvm/rubies/ruby-2.6.0/include/ruby-2.6.0/x86_64-darwin18 -I/Users/student/.rvm/rubies/ruby-2.6.0/include/ruby-2.6.0/ruby/backward -I/Users/student/.rvm/rubies/ruby-2.6.0/include/ruby-2.6.0 -I. -I/usr/local/Cellar/postgresql/11.3/include -I/usr/local/Cellar/postgresql/11.3/include/server  -I/usr/local/opt/libyaml/include -I/usr/local/opt/readline/include -I/usr/local/opt/libksba/include -I/usr/local/opt/openssl@1.1/include -D_XOPEN_SOURCE -D_DARWIN_C_SOURCE -D_DARWIN_UNLIMITED_SELECT -D_REENTRANT   -O3 -ggdb3 -Wall -Wextra -Wdeclaration-after-statement -Wdeprecated-declarations -Wdivision-by-zero -Wimplicit-function-declaration -Wimplicit-int -Wpointer-arith -Wshorten-64-to-32 -Wwrite-strings -Wmissing-noreturn -Wno-constant-logical-operand -Wno-long-long -Wno-missing-field-initializers -Wno-overlength-strings -Wno-parentheses-equality -Wno-self-assign -Wno-tautological-compare -Wno-unused-parameter -Wno-unused-value -Wunused-variable -Wextra-tokens  -fno-common -pipe -DHAVE_NO_DATETIME_NEWBANG conftest.c  -L. -L/Users/student/.rvm/rubies/ruby-2.6.0/lib -L/usr/local/lib -L/usr/local/opt/libyaml/lib -L/usr/local/opt/readline/lib -L/usr/local/opt/libksba/lib -L/usr/local/opt/openssl@1.1/lib -L. -fstack-protector-strong -L/usr/local/lib -L/usr/local/opt/libyaml/lib -L/usr/local/opt/readline/lib -L/usr/local/opt/libksba/lib -L/usr/local/opt/openssl@1.1/lib    -lpq  -lruby.2.6 -lpq   "
conftest.c:14:57: error: use of undeclared identifier 'pg_encoding_to_char'
int t(void) { void ((*volatile p)()); p = (void ((*)()))pg_encoding_to_char; return !p; }
                                                        ^
1 error generated.
checked program was:
/* begin */
 1: #include "ruby.h"
 2: 
 3: /*top*/
 4: extern int t(void);
 5: int main(int argc, char **argv)
 6: {
 7:   if (argc > 1000000) {
 8:     int (* volatile tp)(void)=(int (*)(void))&t;
 9:     printf("%d", (*tp)());
10:   }
11: 
12:   return 0;
13: }
14: int t(void) { void ((*volatile p)()); p = (void ((*)()))pg_encoding_to_char; return !p; }
/* end */

"gcc -o conftest -I/Users/student/.rvm/rubies/ruby-2.6.0/include/ruby-2.6.0/x86_64-darwin18 -I/Users/student/.rvm/rubies/ruby-2.6.0/include/ruby-2.6.0/ruby/backward -I/Users/student/.rvm/rubies/ruby-2.6.0/include/ruby-2.6.0 -I. -I/usr/local/Cellar/postgresql/11.3/include -I/usr/local/Cellar/postgresql/11.3/include/server  -I/usr/local/opt/libyaml/include -I/usr/local/opt/readline/include -I/usr/local/opt/libksba/include -I/usr/local/opt/openssl@1.1/include -D_XOPEN_SOURCE -D_DARWIN_C_SOURCE -D_DARWIN_UNLIMITED_SELECT -D_REENTRANT   -O3 -ggdb3 -Wall -Wextra -Wdeclaration-after-statement -Wdeprecated-declarations -Wdivision-by-zero -Wimplicit-function-declaration -Wimplicit-int -Wpointer-arith -Wshorten-64-to-32 -Wwrite-strings -Wmissing-noreturn -Wno-constant-logical-operand -Wno-long-long -Wno-missing-field-initializers -Wno-overlength-strings -Wno-parentheses-equality -Wno-self-assign -Wno-tautological-compare -Wno-unused-parameter -Wno-unused-value -Wunused-variable -Wextra-tokens  -fno-common -pipe -DHAVE_NO_DATETIME_NEWBANG conftest.c  -L. -L/Users/student/.rvm/rubies/ruby-2.6.0/lib -L/usr/local/lib -L/usr/local/opt/libyaml/lib -L/usr/local/opt/readline/lib -L/usr/local/opt/libksba/lib -L/usr/local/opt/openssl@1.1/lib -L. -fstack-protector-strong -L/usr/local/lib -L/usr/local/opt/libyaml/lib -L/usr/local/opt/readline/lib -L/usr/local/opt/libksba/lib -L/usr/local/opt/openssl@1.1/lib    -lpq  -lruby.2.6 -lpq   "
checked program was:
/* begin */
 1: #include "ruby.h"
 2: 
 3: /*top*/
 4: extern int t(void);
 5: int main(int argc, char **argv)
 6: {
 7:   if (argc > 1000000) {
 8:     int (* volatile tp)(void)=(int (*)(void))&t;
 9:     printf("%d", (*tp)());
10:   }
11: 
12:   return 0;
13: }
14: extern void pg_encoding_to_char();
15: int t(void) { pg_encoding_to_char(); return 0; }
/* end */

--------------------

have_func: checking for PQfreemem()... -------------------- yes

"gcc -o conftest -I/Users/student/.rvm/rubies/ruby-2.6.0/include/ruby-2.6.0/x86_64-darwin18 -I/Users/student/.rvm/rubies/ruby-2.6.0/include/ruby-2.6.0/ruby/backward -I/Users/student/.rvm/rubies/ruby-2.6.0/include/ruby-2.6.0 -I. -I/usr/local/Cellar/postgresql/11.3/include -I/usr/local/Cellar/postgresql/11.3/include/server  -I/usr/local/opt/libyaml/include -I/usr/local/opt/readline/include -I/usr/local/opt/libksba/include -I/usr/local/opt/openssl@1.1/include -D_XOPEN_SOURCE -D_DARWIN_C_SOURCE -D_DARWIN_UNLIMITED_SELECT -D_REENTRANT   -O3 -ggdb3 -Wall -Wextra -Wdeclaration-after-statement -Wdeprecated-declarations -Wdivision-by-zero -Wimplicit-function-declaration -Wimplicit-int -Wpointer-arith -Wshorten-64-to-32 -Wwrite-strings -Wmissing-noreturn -Wno-constant-logical-operand -Wno-long-long -Wno-missing-field-initializers -Wno-overlength-strings -Wno-parentheses-equality -Wno-self-assign -Wno-tautological-compare -Wno-unused-parameter -Wno-unused-value -Wunused-variable -Wextra-tokens  -fno-common -pipe -DHAVE_NO_DATETIME_NEWBANG conftest.c  -L. -L/Users/student/.rvm/rubies/ruby-2.6.0/lib -L/usr/local/lib -L/usr/local/opt/libyaml/lib -L/usr/local/opt/readline/lib -L/usr/local/opt/libksba/lib -L/usr/local/opt/openssl@1.1/lib -L. -fstack-protector-strong -L/usr/local/lib -L/usr/local/opt/libyaml/lib -L/usr/local/opt/readline/lib -L/usr/local/opt/libksba/lib -L/usr/local/opt/openssl@1.1/lib    -lpq  -lruby.2.6 -lpq   "
conftest.c:14:57: error: use of undeclared identifier 'PQfreemem'
int t(void) { void ((*volatile p)()); p = (void ((*)()))PQfreemem; return !p; }
                                                        ^
1 error generated.
checked program was:
/* begin */
 1: #include "ruby.h"
 2: 
 3: /*top*/
 4: extern int t(void);
 5: int main(int argc, char **argv)
 6: {
 7:   if (argc > 1000000) {
 8:     int (* volatile tp)(void)=(int (*)(void))&t;
 9:     printf("%d", (*tp)());
10:   }
11: 
12:   return 0;
13: }
14: int t(void) { void ((*volatile p)()); p = (void ((*)()))PQfreemem; return !p; }
/* end */

"gcc -o conftest -I/Users/student/.rvm/rubies/ruby-2.6.0/include/ruby-2.6.0/x86_64-darwin18 -I/Users/student/.rvm/rubies/ruby-2.6.0/include/ruby-2.6.0/ruby/backward -I/Users/student/.rvm/rubies/ruby-2.6.0/include/ruby-2.6.0 -I. -I/usr/local/Cellar/postgresql/11.3/include -I/usr/local/Cellar/postgresql/11.3/include/server  -I/usr/local/opt/libyaml/include -I/usr/local/opt/readline/include -I/usr/local/opt/libksba/include -I/usr/local/opt/openssl@1.1/include -D_XOPEN_SOURCE -D_DARWIN_C_SOURCE -D_DARWIN_UNLIMITED_SELECT -D_REENTRANT   -O3 -ggdb3 -Wall -Wextra -Wdeclaration-after-statement -Wdeprecated-declarations -Wdivision-by-zero -Wimplicit-function-declaration -Wimplicit-int -Wpointer-arith -Wshorten-64-to-32 -Wwrite-strings -Wmissing-noreturn -Wno-constant-logical-operand -Wno-long-long -Wno-missing-field-initializers -Wno-overlength-strings -Wno-parentheses-equality -Wno-self-assign -Wno-tautological-compare -Wno-unused-parameter -Wno-unused-value -Wunused-variable -Wextra-tokens  -fno-common -pipe -DHAVE_NO_DATETIME_NEWBANG conftest.c  -L. -L/Users/student/.rvm/rubies/ruby-2.6.0/lib -L/usr/local/lib -L/usr/local/opt/libyaml/lib -L/usr/local/opt/readline/lib -L/usr/local/opt/libksba/lib -L/usr/local/opt/openssl@1.1/lib -L. -fstack-protector-strong -L/usr/local/lib -L/usr/local/opt/libyaml/lib -L/usr/local/opt/readline/lib -L/usr/local/opt/libksba/lib -L/usr/local/opt/openssl@1.1/lib    -lpq  -lruby.2.6 -lpq   "
checked program was:
/* begin */
 1: #include "ruby.h"
 2: 
 3: /*top*/
 4: extern int t(void);
 5: int main(int argc, char **argv)
 6: {
 7:   if (argc > 1000000) {
 8:     int (* volatile tp)(void)=(int (*)(void))&t;
 9:     printf("%d", (*tp)());
10:   }
11: 
12:   return 0;
13: }
14: extern void PQfreemem();
15: int t(void) { PQfreemem(); return 0; }
/* end */

--------------------

have_func: checking for rb_thread_fd_select()... -------------------- yes

"gcc -o conftest -I/Users/student/.rvm/rubies/ruby-2.6.0/include/ruby-2.6.0/x86_64-darwin18 -I/Users/student/.rvm/rubies/ruby-2.6.0/include/ruby-2.6.0/ruby/backward -I/Users/student/.rvm/rubies/ruby-2.6.0/include/ruby-2.6.0 -I. -I/usr/local/Cellar/postgresql/11.3/include -I/usr/local/Cellar/postgresql/11.3/include/server  -I/usr/local/opt/libyaml/include -I/usr/local/opt/readline/include -I/usr/local/opt/libksba/include -I/usr/local/opt/openssl@1.1/include -D_XOPEN_SOURCE -D_DARWIN_C_SOURCE -D_DARWIN_UNLIMITED_SELECT -D_REENTRANT   -O3 -ggdb3 -Wall -Wextra -Wdeclaration-after-statement -Wdeprecated-declarations -Wdivision-by-zero -Wimplicit-function-declaration -Wimplicit-int -Wpointer-arith -Wshorten-64-to-32 -Wwrite-strings -Wmissing-noreturn -Wno-constant-logical-operand -Wno-long-long -Wno-missing-field-initializers -Wno-overlength-strings -Wno-parentheses-equality -Wno-self-assign -Wno-tautological-compare -Wno-unused-parameter -Wno-unused-value -Wunused-variable -Wextra-tokens  -fno-common -pipe -DHAVE_NO_DATETIME_NEWBANG conftest.c  -L. -L/Users/student/.rvm/rubies/ruby-2.6.0/lib -L/usr/local/lib -L/usr/local/opt/libyaml/lib -L/usr/local/opt/readline/lib -L/usr/local/opt/libksba/lib -L/usr/local/opt/openssl@1.1/lib -L. -fstack-protector-strong -L/usr/local/lib -L/usr/local/opt/libyaml/lib -L/usr/local/opt/readline/lib -L/usr/local/opt/libksba/lib -L/usr/local/opt/openssl@1.1/lib    -lpq  -lruby.2.6 -lpq   "
checked program was:
/* begin */
 1: #include "ruby.h"
 2: 
 3: /*top*/
 4: extern int t(void);
 5: int main(int argc, char **argv)
 6: {
 7:   if (argc > 1000000) {
 8:     int (* volatile tp)(void)=(int (*)(void))&t;
 9:     printf("%d", (*tp)());
10:   }
11: 
12:   return 0;
13: }
14: int t(void) { void ((*volatile p)()); p = (void ((*)()))rb_thread_fd_select; return !p; }
/* end */

--------------------

